<?xml version="1.0" encoding="UTF-8"?>
<testng-results ignored="0" total="6" passed="6" failed="0" skipped="0">
  <reporter-output>
  </reporter-output>
  <suite started-at="2021-08-29T13:35:09 IST" name="Suite" finished-at="2021-08-29T13:36:46 IST" duration-ms="97778">
    <groups>
    </groups>
    <test started-at="2021-08-29T13:35:09 IST" name="Test" finished-at="2021-08-29T13:36:46 IST" duration-ms="97778">
      <class name="OpenCartTest.TC01_LoginTest">
        <test-method is-config="true" signature="setUpTest()[pri:0, instance:OpenCartTest.TC01_LoginTest@323b36e0]" started-at="2021-08-29T13:35:09 IST" name="setUpTest" finished-at="2021-08-29T13:35:28 IST" duration-ms="19832" status="PASS">
          <reporter-output>
          </reporter-output>
        </test-method> <!-- setUpTest -->
        <test-method signature="LoginTest()[pri:1, instance:OpenCartTest.TC01_LoginTest@323b36e0]" started-at="2021-08-29T13:35:50 IST" name="LoginTest" finished-at="2021-08-29T13:35:58 IST" duration-ms="8446" status="PASS">
          <reporter-output>
          </reporter-output>
        </test-method> <!-- LoginTest -->
        <test-method signature="LogoutTest()[pri:2, instance:OpenCartTest.TC01_LoginTest@323b36e0]" started-at="2021-08-29T13:35:59 IST" name="LogoutTest" finished-at="2021-08-29T13:36:02 IST" duration-ms="3301" status="PASS">
          <reporter-output>
          </reporter-output>
        </test-method> <!-- LogoutTest -->
        <test-method is-config="true" signature="tearDownTest()[pri:0, instance:OpenCartTest.TC01_LoginTest@323b36e0]" started-at="2021-08-29T13:36:28 IST" name="tearDownTest" finished-at="2021-08-29T13:36:31 IST" duration-ms="2668" status="PASS">
          <reporter-output>
          </reporter-output>
        </test-method> <!-- tearDownTest -->
      </class> <!-- OpenCartTest.TC01_LoginTest -->
      <class name="OpenCartTest.TC03_WishListTest">
        <test-method is-config="true" signature="setUpTest()[pri:0, instance:OpenCartTest.TC03_WishListTest@4f6ee6e4]" started-at="2021-08-29T13:35:33 IST" name="setUpTest" finished-at="2021-08-29T13:35:50 IST" duration-ms="16791" status="PASS">
          <reporter-output>
          </reporter-output>
        </test-method> <!-- setUpTest -->
        <test-method signature="WishListTest()[pri:1, instance:OpenCartTest.TC03_WishListTest@4f6ee6e4]" started-at="2021-08-29T13:36:13 IST" name="WishListTest" finished-at="2021-08-29T13:36:23 IST" duration-ms="9399" status="PASS">
          <reporter-output>
          </reporter-output>
        </test-method> <!-- WishListTest -->
        <test-method signature="AddProductToWish()[pri:2, instance:OpenCartTest.TC03_WishListTest@4f6ee6e4]" started-at="2021-08-29T13:36:23 IST" name="AddProductToWish" finished-at="2021-08-29T13:36:28 IST" duration-ms="5140" status="PASS">
          <reporter-output>
          </reporter-output>
        </test-method> <!-- AddProductToWish -->
        <test-method is-config="true" signature="afterTest()[pri:0, instance:OpenCartTest.TC03_WishListTest@4f6ee6e4]" started-at="2021-08-29T13:36:39 IST" name="afterTest" finished-at="2021-08-29T13:36:46 IST" duration-ms="7302" status="PASS">
          <reporter-output>
          </reporter-output>
        </test-method> <!-- afterTest -->
      </class> <!-- OpenCartTest.TC03_WishListTest -->
      <class name="OpenCartTest.TC02_DesktopTest">
        <test-method is-config="true" signature="setUpTest()[pri:0, instance:OpenCartTest.TC02_DesktopTest@1fa268de]" started-at="2021-08-29T13:35:28 IST" name="setUpTest" finished-at="2021-08-29T13:35:33 IST" duration-ms="4536" status="PASS">
          <reporter-output>
          </reporter-output>
        </test-method> <!-- setUpTest -->
        <test-method signature="DesktopTest()[pri:1, instance:OpenCartTest.TC02_DesktopTest@1fa268de]" started-at="2021-08-29T13:36:02 IST" name="DesktopTest" finished-at="2021-08-29T13:36:08 IST" duration-ms="5752" status="PASS">
          <reporter-output>
          </reporter-output>
        </test-method> <!-- DesktopTest -->
        <test-method signature="MacTest()[pri:2, instance:OpenCartTest.TC02_DesktopTest@1fa268de]" started-at="2021-08-29T13:36:08 IST" name="MacTest" finished-at="2021-08-29T13:36:13 IST" duration-ms="5538" status="PASS">
          <reporter-output>
          </reporter-output>
        </test-method> <!-- MacTest -->
        <test-method is-config="true" signature="afterTest()[pri:0, instance:OpenCartTest.TC02_DesktopTest@1fa268de]" started-at="2021-08-29T13:36:31 IST" name="afterTest" finished-at="2021-08-29T13:36:39 IST" duration-ms="8387" status="PASS">
          <reporter-output>
          </reporter-output>
        </test-method> <!-- afterTest -->
      </class> <!-- OpenCartTest.TC02_DesktopTest -->
    </test> <!-- Test -->
  </suite> <!-- Suite -->
</testng-results>
