<?xml version="1.0" encoding="UTF-8"?>
<!-- Generated by org.testng.reporters.JUnitXMLReporter -->
<testsuite ignored="0" hostname="LAPTOP-4MAD2M2P" failures="0" tests="6" name="Test" time="97.778" errors="0" timestamp="2021-08-29T13:36:47 IST">
  <testcase classname="OpenCartTest.TC01_LoginTest" name="LoginTest" time="8.446"/>
  <testcase classname="OpenCartTest.TC01_LoginTest" name="LogoutTest" time="3.301"/>
  <testcase classname="OpenCartTest.TC02_DesktopTest" name="DesktopTest" time="5.752"/>
  <testcase classname="OpenCartTest.TC02_DesktopTest" name="MacTest" time="5.538"/>
  <testcase classname="OpenCartTest.TC03_WishListTest" name="WishListTest" time="9.399"/>
  <testcase classname="OpenCartTest.TC03_WishListTest" name="AddProductToWish" time="5.14"/>
</testsuite> <!-- Test -->
